<?xml version="1.0" encoding="utf-8"?><testsuites name="pytest tests"><testsuite name="pytest" errors="0" failures="0" skipped="0" tests="35" time="55.962" timestamp="2026-02-04T23:46:30.606742+00:00" hostname="agent-env-f6937032-1c28-4ab7-b9db-4b30cfbcde5e"><testcase classname="backend.tests.test_admin_user_management.TestAdminLogin" name="test_admin_login_success" time="0.284" /><testcase classname="backend.tests.test_admin_user_management.TestAdminLogin" name="test_admin_login_invalid_credentials" time="0.263" /><testcase classname="backend.tests.test_admin_user_management.TestAdminDashboard" name="test_dashboard_stats" time="0.296" /><testcase classname="backend.tests.test_admin_user_management.TestAdminDashboard" name="test_dashboard_unauthorized" time="0.033" /><testcase classname="backend.tests.test_admin_user_management.TestAdminUserListing" name="test_get_all_users" time="0.288" /><testcase classname="backend.tests.test_admin_user_management.TestAdminUserListing" name="test_get_student_users" time="0.298" /><testcase classname="backend.tests.test_admin_user_management.TestAdminUserListing" name="test_get_non_student_users" time="0.290" /><testcase classname="backend.tests.test_admin_user_management.TestAdminUserListing" name="test_user_counts_match" time="0.358" /><testcase classname="backend.tests.test_admin_user_management.TestAdminUserListing" name="test_user_data_structure" time="0.301" /><testcase classname="backend.tests.test_admin_user_management.TestAdminUserDeletion" name="test_delete_nonexistent_user" time="0.286" /><testcase classname="backend.tests.test_admin_user_management.TestAdminUserDeletion" name="test_delete_user_unauthorized" time="0.033" /><testcase classname="backend.tests.test_admin_user_management.TestAdminUserDeletion" name="test_create_and_delete_user" time="0.429" /><testcase classname="backend.tests.test_admin_user_management.TestAdminVerifications" name="test_get_pending_verifications" time="0.295" /><testcase classname="backend.tests.test_admin_user_management.TestAdminVerifications" name="test_approve_nonexistent_verification" time="0.285" /><testcase classname="backend.tests.test_admin_user_management.TestAdminVerifications" name="test_reject_nonexistent_verification" time="0.296" /><testcase classname="backend.tests.test_admin_user_management.TestAdminLogout" name="test_admin_token_expiry_check" time="0.033" /><testcase classname="backend.tests.test_order_coupon_management.TestAdminCoupons" name="test_get_all_coupons" time="0.292" /><testcase classname="backend.tests.test_order_coupon_management.TestAdminCoupons" name="test_create_coupon_flat" time="0.287" /><testcase classname="backend.tests.test_order_coupon_management.TestAdminCoupons" name="test_create_coupon_percentage" time="0.287" /><testcase classname="backend.tests.test_order_coupon_management.TestAdminCoupons" name="test_delete_coupon" time="0.367" /><testcase classname="backend.tests.test_order_coupon_management.TestAdminCoupons" name="test_delete_nonexistent_coupon" time="0.327" /><testcase classname="backend.tests.test_order_coupon_management.TestAdminCoupons" name="test_coupons_require_auth" time="0.111" /><testcase classname="backend.tests.test_order_coupon_management.TestCouponValidation" name="test_validate_valid_coupon" time="0.396" /><testcase classname="backend.tests.test_order_coupon_management.TestCouponValidation" name="test_validate_invalid_coupon" time="0.032" /><testcase classname="backend.tests.test_order_coupon_management.TestAdminOrders" name="test_get_all_orders" time="0.331" /><testcase classname="backend.tests.test_order_coupon_management.TestAdminOrders" name="test_orders_require_auth" time="0.073" /><testcase classname="backend.tests.test_order_coupon_management.TestOrderStatusUpdate" name="test_update_order_status_valid_statuses" time="36.194" /><testcase classname="backend.tests.test_order_coupon_management.TestOrderStatusUpdate" name="test_update_order_status_invalid" time="0.353" /><testcase classname="backend.tests.test_order_coupon_management.TestOrderStatusUpdate" name="test_update_nonexistent_order_status" time="4.410" /><testcase classname="backend.tests.test_order_coupon_management.TestOrderStatusUpdate" name="test_order_status_requires_auth" time="0.077" /><testcase classname="backend.tests.test_order_coupon_management.TestUserOrders" name="test_get_my_orders" time="0.131" /><testcase classname="backend.tests.test_order_coupon_management.TestUserOrders" name="test_my_orders_requires_auth" time="0.031" /><testcase classname="backend.tests.test_order_coupon_management.TestLoyaltyExpiryScheduler" name="test_manual_expiry_check" time="0.308" /><testcase classname="backend.tests.test_order_coupon_management.TestLoyaltyExpiryScheduler" name="test_get_expiry_logs" time="7.440" /><testcase classname="backend.tests.test_order_coupon_management.TestLoyaltyExpiryScheduler" name="test_expiry_check_requires_auth" time="0.388" /></testsuite></testsuites>